<?xml version="1.0" encoding="utf-8"?><testsuites name="pytest tests"><testsuite name="pytest" errors="0" failures="2" skipped="0" tests="33" time="82.608" timestamp="2026-04-23T21:01:24.884054+00:00" hostname="agent-env-e0d0cb91-b7ec-4e44-a105-e998d897421c"><testcase classname="tests.backend_test.TestHealth" name="test_health" time="3.434" /><testcase classname="tests.backend_test.TestHealth" name="test_root" time="0.111" /><testcase classname="tests.backend_test.TestAuth" name="test_login_student" time="0.368" /><testcase classname="tests.backend_test.TestAuth" name="test_login_teacher" time="0.368" /><testcase classname="tests.backend_test.TestAuth" name="test_login_admin" time="0.365" /><testcase classname="tests.backend_test.TestAuth" name="test_login_bad_credentials" time="0.144" /><testcase classname="tests.backend_test.TestAuth" name="test_register_and_login_new_student" time="0.901" /><testcase classname="tests.backend_test.TestAuth" name="test_users_me_student" time="0.474" /><testcase classname="tests.backend_test.TestAuth" name="test_users_me_unauth" time="0.162" /><testcase classname="tests.backend_test.TestAITutor" name="test_chat_creates_session" time="16.557" /><testcase classname="tests.backend_test.TestAITutor" name="test_chat_appends_to_same_session" time="15.477" /><testcase classname="tests.backend_test.TestAITutor" name="test_list_sessions_retention" time="0.138" /><testcase classname="tests.backend_test.TestAITutor" name="test_download_session_owner" time="0.132" /><testcase classname="tests.backend_test.TestAITutor" name="test_download_forbidden_for_other_user" time="0.479" /><testcase classname="tests.backend_test.TestAITutor" name="test_retention_notice_teacher" time="0.121" /><testcase classname="tests.backend_test.TestAITutor" name="test_retention_notice_student" time="0.109" /><testcase classname="tests.backend_test.TestAITutor" name="test_explain" time="12.795" /><testcase classname="tests.backend_test.TestAITutor" name="test_summarize" time="6.123" /><testcase classname="tests.backend_test.TestAITutor" name="test_delete_session_owner" time="3.271" /><testcase classname="tests.backend_test.TestQuizzes" name="test_generate_as_student_not_saved" time="9.680"><failure message="AssertionError: {&quot;detail&quot;:&quot;Gagal generate quiz: Failed to generate chat completion: litellm.RateLimitError: litellm.RateLimitError: geminiException - {\n  \&quot;error\&quot;: {\n    \&quot;code\&quot;: 429,\n    \&quot;message\&quot;: \&quot;You exceeded your current quota, please check your plan and billing details. For more information on this error, head to: https://ai.google.dev/gemini-api/docs/rate-limits. To monitor your current usage, head to: https://ai.dev/rate-limit. \\n* Quota exceeded for metric: generativelanguage.googleapis.com/generate_content_free_tier_requests, limit: 20, model: gemini-2.5-flash\\nPlease retry in 26.717948153s.\&quot;,\n    \&quot;status\&quot;: \&quot;RESOURCE_EXHAUSTED\&quot;,\n    \&quot;details\&quot;: [\n      {\n        \&quot;@type\&quot;: \&quot;type.googleapis.com/google.rpc.Help\&quot;,\n        \&quot;links\&quot;: [\n          {\n            \&quot;description\&quot;: \&quot;Learn more about Gemini API quotas\&quot;,\n            \&quot;url\&quot;: \&quot;https://ai.google.dev/gemini-api/docs/rate-limits\&quot;\n          }\n        ]\n      },\n      {\n        \&quot;@type\&quot;: \&quot;type.googleapis.com/google.rpc.QuotaFailure\&quot;,\n        \&quot;violations\&quot;: [\n          {\n            \&quot;quotaMetric\&quot;: \&quot;generativelanguage.googleapis.com/generate_content_free_tier_requests\&quot;,\n            \&quot;quotaId\&quot;: \&quot;GenerateRequestsPerDayPerProjectPerModel-FreeTier\&quot;,\n            \&quot;quotaDimensions\&quot;: {\n              \&quot;location\&quot;: \&quot;global\&quot;,\n              \&quot;model\&quot;: \&quot;gemini-2.5-flash\&quot;\n            },\n            \&quot;quotaValue\&quot;: \&quot;20\&quot;\n          }\n        ]\n      },\n      {\n        \&quot;@type\&quot;: \&quot;type.googleapis.com/google.rpc.RetryInfo\&quot;,\n        \&quot;retryDelay\&quot;: \&quot;26s\&quot;\n      }\n    ]\n  }\n}\n&quot;}&#10;assert 502 == 200&#10; +  where 502 = &lt;Response [502]&gt;.status_code">tests/backend_test.py:288: in test_generate_as_student_not_saved
    assert r.status_code == 200, r.text
E   AssertionError: {"detail":"Gagal generate quiz: Failed to generate chat completion: litellm.RateLimitError: litellm.RateLimitError: geminiException - {\n  \"error\": {\n    \"code\": 429,\n    \"message\": \"You exceeded your current quota, please check your plan and billing details. For more information on this error, head to: https://ai.google.dev/gemini-api/docs/rate-limits. To monitor your current usage, head to: https://ai.dev/rate-limit. \\n* Quota exceeded for metric: generativelanguage.googleapis.com/generate_content_free_tier_requests, limit: 20, model: gemini-2.5-flash\\nPlease retry in 26.717948153s.\",\n    \"status\": \"RESOURCE_EXHAUSTED\",\n    \"details\": [\n      {\n        \"@type\": \"type.googleapis.com/google.rpc.Help\",\n        \"links\": [\n          {\n            \"description\": \"Learn more about Gemini API quotas\",\n            \"url\": \"https://ai.google.dev/gemini-api/docs/rate-limits\"\n          }\n        ]\n      },\n      {\n        \"@type\": \"type.googleapis.com/google.rpc.QuotaFailure\",\n        \"violations\": [\n          {\n            \"quotaMetric\": \"generativelanguage.googleapis.com/generate_content_free_tier_requests\",\n            \"quotaId\": \"GenerateRequestsPerDayPerProjectPerModel-FreeTier\",\n            \"quotaDimensions\": {\n              \"location\": \"global\",\n              \"model\": \"gemini-2.5-flash\"\n            },\n            \"quotaValue\": \"20\"\n          }\n        ]\n      },\n      {\n        \"@type\": \"type.googleapis.com/google.rpc.RetryInfo\",\n        \"retryDelay\": \"26s\"\n      }\n    ]\n  }\n}\n"}
E   assert 502 == 200
E    +  where 502 = &lt;Response [502]&gt;.status_code</failure></testcase><testcase classname="tests.backend_test.TestQuizzes" name="test_generate_as_teacher_saved" time="9.677"><failure message="AssertionError: {&quot;detail&quot;:&quot;Gagal generate quiz: Failed to generate chat completion: litellm.RateLimitError: litellm.RateLimitError: geminiException - {\n  \&quot;error\&quot;: {\n    \&quot;code\&quot;: 429,\n    \&quot;message\&quot;: \&quot;You exceeded your current quota, please check your plan and billing details. For more information on this error, head to: https://ai.google.dev/gemini-api/docs/rate-limits. To monitor your current usage, head to: https://ai.dev/rate-limit. \\n* Quota exceeded for metric: generativelanguage.googleapis.com/generate_content_free_tier_requests, limit: 20, model: gemini-2.5-flash\\nPlease retry in 17.005277106s.\&quot;,\n    \&quot;status\&quot;: \&quot;RESOURCE_EXHAUSTED\&quot;,\n    \&quot;details\&quot;: [\n      {\n        \&quot;@type\&quot;: \&quot;type.googleapis.com/google.rpc.Help\&quot;,\n        \&quot;links\&quot;: [\n          {\n            \&quot;description\&quot;: \&quot;Learn more about Gemini API quotas\&quot;,\n            \&quot;url\&quot;: \&quot;https://ai.google.dev/gemini-api/docs/rate-limits\&quot;\n          }\n        ]\n      },\n      {\n        \&quot;@type\&quot;: \&quot;type.googleapis.com/google.rpc.QuotaFailure\&quot;,\n        \&quot;violations\&quot;: [\n          {\n            \&quot;quotaMetric\&quot;: \&quot;generativelanguage.googleapis.com/generate_content_free_tier_requests\&quot;,\n            \&quot;quotaId\&quot;: \&quot;GenerateRequestsPerDayPerProjectPerModel-FreeTier\&quot;,\n            \&quot;quotaDimensions\&quot;: {\n              \&quot;model\&quot;: \&quot;gemini-2.5-flash\&quot;,\n              \&quot;location\&quot;: \&quot;global\&quot;\n            },\n            \&quot;quotaValue\&quot;: \&quot;20\&quot;\n          }\n        ]\n      },\n      {\n        \&quot;@type\&quot;: \&quot;type.googleapis.com/google.rpc.RetryInfo\&quot;,\n        \&quot;retryDelay\&quot;: \&quot;17s\&quot;\n      }\n    ]\n  }\n}\n&quot;}&#10;assert 502 == 200&#10; +  where 502 = &lt;Response [502]&gt;.status_code">tests/backend_test.py:305: in test_generate_as_teacher_saved
    assert r.status_code == 200, r.text
E   AssertionError: {"detail":"Gagal generate quiz: Failed to generate chat completion: litellm.RateLimitError: litellm.RateLimitError: geminiException - {\n  \"error\": {\n    \"code\": 429,\n    \"message\": \"You exceeded your current quota, please check your plan and billing details. For more information on this error, head to: https://ai.google.dev/gemini-api/docs/rate-limits. To monitor your current usage, head to: https://ai.dev/rate-limit. \\n* Quota exceeded for metric: generativelanguage.googleapis.com/generate_content_free_tier_requests, limit: 20, model: gemini-2.5-flash\\nPlease retry in 17.005277106s.\",\n    \"status\": \"RESOURCE_EXHAUSTED\",\n    \"details\": [\n      {\n        \"@type\": \"type.googleapis.com/google.rpc.Help\",\n        \"links\": [\n          {\n            \"description\": \"Learn more about Gemini API quotas\",\n            \"url\": \"https://ai.google.dev/gemini-api/docs/rate-limits\"\n          }\n        ]\n      },\n      {\n        \"@type\": \"type.googleapis.com/google.rpc.QuotaFailure\",\n        \"violations\": [\n          {\n            \"quotaMetric\": \"generativelanguage.googleapis.com/generate_content_free_tier_requests\",\n            \"quotaId\": \"GenerateRequestsPerDayPerProjectPerModel-FreeTier\",\n            \"quotaDimensions\": {\n              \"model\": \"gemini-2.5-flash\",\n              \"location\": \"global\"\n            },\n            \"quotaValue\": \"20\"\n          }\n        ]\n      },\n      {\n        \"@type\": \"type.googleapis.com/google.rpc.RetryInfo\",\n        \"retryDelay\": \"17s\"\n      }\n    ]\n  }\n}\n"}
E   assert 502 == 200
E    +  where 502 = &lt;Response [502]&gt;.status_code</failure></testcase><testcase classname="tests.backend_test.TestQuizzes" name="test_create_manual_quiz_teacher" time="0.121" /><testcase classname="tests.backend_test.TestQuizzes" name="test_create_quiz_forbidden_for_student" time="0.110" /><testcase classname="tests.backend_test.TestQuizzes" name="test_list_quizzes_student_hides_answers" time="0.106" /><testcase classname="tests.backend_test.TestQuizzes" name="test_list_quizzes_teacher_shows_answers" time="0.110" /><testcase classname="tests.backend_test.TestQuizzes" name="test_submit_attempt_scoring" time="0.128" /><testcase classname="tests.backend_test.TestQuizzes" name="test_submit_attempt_partial" time="0.127" /><testcase classname="tests.backend_test.TestQuizzes" name="test_list_attempts_teacher_shows_all" time="0.124" /><testcase classname="tests.backend_test.TestQuizzes" name="test_list_attempts_student_only_own" time="0.123" /><testcase classname="tests.backend_test.TestQuizzes" name="test_export_teacher_xlsx" time="0.115" /><testcase classname="tests.backend_test.TestQuizzes" name="test_export_forbidden_student" time="0.120" /><testcase classname="tests.backend_test.TestQuizzes" name="test_delete_quiz_student_forbidden" time="0.124" /><testcase classname="tests.backend_test.TestQuizzes" name="test_delete_quiz_teacher_ok" time="0.108" /></testsuite></testsuites>